
 Last    Found  - F8-ED-FC-71-90-A3,52-BB-B5-94-AC-7C,50-BB-B5-94-AC-7C 
 Current Found  - F8-ED-FC-71-90-A3,52-BB-B5-94-AC-7C,56-BB-B5-94-AC-7C,50-BB-B5-94-AC-7C 
 Last    Found  - F8-ED-FC-71-90-A3,52-BB-B5-94-AC-7C,50-BB-B5-94-AC-7C 
 Current Found  - F8-ED-FC-71-90-A3,52-BB-B5-94-AC-7C,56-BB-B5-94-AC-7C,50-BB-B5-94-AC-7C ***********************************************
***********************************************
***********************************************
***********************************************
***********************************************
***********************************************
***********************************************
***********************************************
***********************************************
***********************************************
***********************************************
***********************************************
***********************************************
***********************************************
***********************************************
***********************************************
***********************************************
***********************************************
***********************************************
***********************************************
***********************************************
***********************************************
***********************************************
***********************************************
***********************************************
***********************************************
***********************************************
***********************************************
***********************************************
***********************************************
***********************************************
***********************************************
***********************************************
***********************************************
***********************************************
***********************************************
***********************************************
***********************************************
***********************************************
***********************************************
***********************************************
***********************************************
***********************************************
***********************************************
***********************************************
***********************************************
***********************************************
***********************************************
***********************************************
***********************************************
***********************************************
***********************************************
***********************************************
***********************************************
***********************************************
***********************************************
***********************************************
***********************************************
***********************************************
***********************************************
***********************************************

 Last    Found  - F8-ED-FC-71-90-A3,52-BB-B5-94-AC-7C,56-BB-B5-94-AC-7C,50-BB-B5-94-AC-7C 
 Current Found  - 52-BB-B5-94-AC-7C,56-BB-B5-94-AC-7C,50-BB-B5-94-AC-7C,F8-ED-FC-71-90-A3 
 Last    Found  - F8-ED-FC-71-90-A3,52-BB-B5-94-AC-7C,56-BB-B5-94-AC-7C,50-BB-B5-94-AC-7C 
 Current Found  - 52-BB-B5-94-AC-7C,56-BB-B5-94-AC-7C,50-BB-B5-94-AC-7C,F8-ED-FC-71-90-A3 